0 info it worked if it ends with ok
1 verbose cli [ 'C:\\Program Files\\nodejs\\node.exe',
1 verbose cli   'C:\\Program Files\\nodejs\\node_modules\\npm\\bin\\npm-cli.js',
1 verbose cli   'install',
1 verbose cli   'oracledb',
1 verbose cli   '--msvs_version=2008',
1 verbose cli   '--save' ]
2 info using npm@3.10.10
3 info using node@v6.10.1
4 silly loadCurrentTree Starting
5 silly install loadCurrentTree
6 silly install readLocalPackageData
7 silly fetchPackageMetaData oracledb
8 silly fetchNamedPackageData oracledb
9 silly mapToRegistry name oracledb
10 silly mapToRegistry using default registry
11 silly mapToRegistry registry https://registry.npmjs.org/
12 silly mapToRegistry data Result {
12 silly mapToRegistry   raw: 'oracledb',
12 silly mapToRegistry   scope: null,
12 silly mapToRegistry   escapedName: 'oracledb',
12 silly mapToRegistry   name: 'oracledb',
12 silly mapToRegistry   rawSpec: '',
12 silly mapToRegistry   spec: 'latest',
12 silly mapToRegistry   type: 'tag' }
13 silly mapToRegistry uri https://registry.npmjs.org/oracledb
14 verbose request uri https://registry.npmjs.org/oracledb
15 verbose request no auth needed
16 info attempt registry request try #1 at 6:02:24 PM
17 verbose request id 63c5d980c1eb3cb0
18 verbose etag W/"58ca1f5b-acaa"
19 verbose lastModified Thu, 16 Mar 2017 05:15:07 GMT
20 http request GET https://registry.npmjs.org/oracledb
21 http 304 https://registry.npmjs.org/oracledb
22 verbose headers { date: 'Tue, 11 Apr 2017 12:32:24 GMT',
22 verbose headers   via: '1.1 varnish',
22 verbose headers   'cache-control': 'max-age=300',
22 verbose headers   etag: 'W/"58ca1f5b-acaa"',
22 verbose headers   age: '0',
22 verbose headers   connection: 'keep-alive',
22 verbose headers   'x-served-by': 'cache-lcy1141-LCY',
22 verbose headers   'x-cache': 'HIT',
22 verbose headers   'x-cache-hits': '1',
22 verbose headers   'x-timer': 'S1491913944.025858,VS0,VE40',
22 verbose headers   vary: 'Accept-Encoding' }
23 silly get cb [ 304,
23 silly get   { date: 'Tue, 11 Apr 2017 12:32:24 GMT',
23 silly get     via: '1.1 varnish',
23 silly get     'cache-control': 'max-age=300',
23 silly get     etag: 'W/"58ca1f5b-acaa"',
23 silly get     age: '0',
23 silly get     connection: 'keep-alive',
23 silly get     'x-served-by': 'cache-lcy1141-LCY',
23 silly get     'x-cache': 'HIT',
23 silly get     'x-cache-hits': '1',
23 silly get     'x-timer': 'S1491913944.025858,VS0,VE40',
23 silly get     vary: 'Accept-Encoding' } ]
24 verbose etag https://registry.npmjs.org/oracledb from cache
25 verbose get saving oracledb to C:\Users\ajinkya.doshi\AppData\Roaming\npm-cache\registry.npmjs.org\oracledb\.cache.json
26 verbose correctMkdir C:\Users\ajinkya.doshi\AppData\Roaming\npm-cache correctMkdir not in flight; initializing
27 silly install normalizeTree
28 silly loadCurrentTree Finishing
29 silly loadIdealTree Starting
30 silly install loadIdealTree
31 silly cloneCurrentTree Starting
32 silly install cloneCurrentTreeToIdealTree
33 silly cloneCurrentTree Finishing
34 silly loadShrinkwrap Starting
35 silly install loadShrinkwrap
36 silly loadShrinkwrap Finishing
37 silly loadAllDepsIntoIdealTree Starting
38 silly install loadAllDepsIntoIdealTree
39 silly resolveWithNewModule oracledb@1.13.0 checking installable status
40 silly cache add args [ 'oracledb', null ]
41 verbose cache add spec oracledb
42 silly cache add parsed spec Result {
42 silly cache add   raw: 'oracledb',
42 silly cache add   scope: null,
42 silly cache add   escapedName: 'oracledb',
42 silly cache add   name: 'oracledb',
42 silly cache add   rawSpec: '',
42 silly cache add   spec: 'latest',
42 silly cache add   type: 'tag' }
43 silly addNamed oracledb@latest
44 verbose addNamed "latest" is being treated as a dist-tag for oracledb
45 info addNameTag [ 'oracledb', 'latest' ]
46 silly mapToRegistry name oracledb
47 silly mapToRegistry using default registry
48 silly mapToRegistry registry https://registry.npmjs.org/
49 silly mapToRegistry data Result {
49 silly mapToRegistry   raw: 'oracledb',
49 silly mapToRegistry   scope: null,
49 silly mapToRegistry   escapedName: 'oracledb',
49 silly mapToRegistry   name: 'oracledb',
49 silly mapToRegistry   rawSpec: '',
49 silly mapToRegistry   spec: 'latest',
49 silly mapToRegistry   type: 'tag' }
50 silly mapToRegistry uri https://registry.npmjs.org/oracledb
51 verbose addNameTag registry:https://registry.npmjs.org/oracledb not in flight; fetching
52 verbose get https://registry.npmjs.org/oracledb not expired, no request
53 silly addNameTag next cb for oracledb with tag latest
54 silly addNamed oracledb@1.13.0
55 verbose addNamed "1.13.0" is a plain semver version for oracledb
56 silly cache afterAdd oracledb@1.13.0
57 verbose afterAdd C:\Users\ajinkya.doshi\AppData\Roaming\npm-cache\oracledb\1.13.0\package\package.json not in flight; writing
58 verbose correctMkdir C:\Users\ajinkya.doshi\AppData\Roaming\npm-cache correctMkdir not in flight; initializing
59 verbose afterAdd C:\Users\ajinkya.doshi\AppData\Roaming\npm-cache\oracledb\1.13.0\package\package.json written
60 silly fetchNamedPackageData nan
61 silly mapToRegistry name nan
62 silly mapToRegistry using default registry
63 silly mapToRegistry registry https://registry.npmjs.org/
64 silly mapToRegistry data Result {
64 silly mapToRegistry   raw: 'nan',
64 silly mapToRegistry   scope: null,
64 silly mapToRegistry   escapedName: 'nan',
64 silly mapToRegistry   name: 'nan',
64 silly mapToRegistry   rawSpec: '',
64 silly mapToRegistry   spec: 'latest',
64 silly mapToRegistry   type: 'tag' }
65 silly mapToRegistry uri https://registry.npmjs.org/nan
66 verbose request uri https://registry.npmjs.org/nan
67 verbose request no auth needed
68 info attempt registry request try #1 at 6:02:25 PM
69 verbose etag W/"58e5d71a-1f1df"
70 verbose lastModified Thu, 06 Apr 2017 05:50:18 GMT
71 http request GET https://registry.npmjs.org/nan
72 http 304 https://registry.npmjs.org/nan
73 verbose headers { date: 'Tue, 11 Apr 2017 12:32:24 GMT',
73 verbose headers   via: '1.1 varnish',
73 verbose headers   'cache-control': 'max-age=300',
73 verbose headers   etag: 'W/"58e5d71a-1f1df"',
73 verbose headers   age: '88',
73 verbose headers   connection: 'keep-alive',
73 verbose headers   'x-served-by': 'cache-lcy1141-LCY',
73 verbose headers   'x-cache': 'HIT',
73 verbose headers   'x-cache-hits': '3',
73 verbose headers   'x-timer': 'S1491913944.382642,VS0,VE0',
73 verbose headers   vary: 'Accept-Encoding' }
74 silly get cb [ 304,
74 silly get   { date: 'Tue, 11 Apr 2017 12:32:24 GMT',
74 silly get     via: '1.1 varnish',
74 silly get     'cache-control': 'max-age=300',
74 silly get     etag: 'W/"58e5d71a-1f1df"',
74 silly get     age: '88',
74 silly get     connection: 'keep-alive',
74 silly get     'x-served-by': 'cache-lcy1141-LCY',
74 silly get     'x-cache': 'HIT',
74 silly get     'x-cache-hits': '3',
74 silly get     'x-timer': 'S1491913944.382642,VS0,VE0',
74 silly get     vary: 'Accept-Encoding' } ]
75 verbose etag https://registry.npmjs.org/nan from cache
76 verbose get saving nan to C:\Users\ajinkya.doshi\AppData\Roaming\npm-cache\registry.npmjs.org\nan\.cache.json
77 verbose correctMkdir C:\Users\ajinkya.doshi\AppData\Roaming\npm-cache correctMkdir not in flight; initializing
78 silly resolveWithNewModule nan@2.5.1 checking installable status
79 silly cache add args [ 'nan@~2.5.0', null ]
80 verbose cache add spec nan@~2.5.0
81 silly cache add parsed spec Result {
81 silly cache add   raw: 'nan@~2.5.0',
81 silly cache add   scope: null,
81 silly cache add   escapedName: 'nan',
81 silly cache add   name: 'nan',
81 silly cache add   rawSpec: '~2.5.0',
81 silly cache add   spec: '>=2.5.0 <2.6.0',
81 silly cache add   type: 'range' }
82 silly addNamed nan@>=2.5.0 <2.6.0
83 verbose addNamed ">=2.5.0 <2.6.0" is a valid semver range for nan
84 silly addNameRange { name: 'nan', range: '>=2.5.0 <2.6.0', hasData: false }
85 silly mapToRegistry name nan
86 silly mapToRegistry using default registry
87 silly mapToRegistry registry https://registry.npmjs.org/
88 silly mapToRegistry data Result {
88 silly mapToRegistry   raw: 'nan',
88 silly mapToRegistry   scope: null,
88 silly mapToRegistry   escapedName: 'nan',
88 silly mapToRegistry   name: 'nan',
88 silly mapToRegistry   rawSpec: '',
88 silly mapToRegistry   spec: 'latest',
88 silly mapToRegistry   type: 'tag' }
89 silly mapToRegistry uri https://registry.npmjs.org/nan
90 verbose addNameRange registry:https://registry.npmjs.org/nan not in flight; fetching
91 verbose get https://registry.npmjs.org/nan not expired, no request
92 silly addNameRange number 2 { name: 'nan', range: '>=2.5.0 <2.6.0', hasData: true }
93 silly addNameRange versions [ 'nan',
93 silly addNameRange   [ '0.3.0-wip',
93 silly addNameRange     '0.3.0-wip2',
93 silly addNameRange     '0.3.0',
93 silly addNameRange     '0.3.1',
93 silly addNameRange     '0.3.2',
93 silly addNameRange     '0.4.0',
93 silly addNameRange     '0.4.1',
93 silly addNameRange     '0.4.2',
93 silly addNameRange     '0.4.3',
93 silly addNameRange     '0.4.4',
93 silly addNameRange     '0.5.0',
93 silly addNameRange     '0.5.1',
93 silly addNameRange     '0.5.2',
93 silly addNameRange     '0.6.0',
93 silly addNameRange     '0.7.0',
93 silly addNameRange     '0.7.1',
93 silly addNameRange     '0.8.0',
93 silly addNameRange     '1.0.0',
93 silly addNameRange     '1.1.0',
93 silly addNameRange     '1.1.1',
93 silly addNameRange     '1.1.2',
93 silly addNameRange     '1.2.0',
93 silly addNameRange     '1.3.0',
93 silly addNameRange     '1.4.0',
93 silly addNameRange     '1.4.1',
93 silly addNameRange     '1.5.0',
93 silly addNameRange     '1.4.2',
93 silly addNameRange     '1.4.3',
93 silly addNameRange     '1.5.1',
93 silly addNameRange     '1.5.2',
93 silly addNameRange     '1.6.0',
93 silly addNameRange     '1.5.3',
93 silly addNameRange     '1.6.1',
93 silly addNameRange     '1.6.2',
93 silly addNameRange     '1.7.0',
93 silly addNameRange     '1.8.0',
93 silly addNameRange     '1.8.1',
93 silly addNameRange     '1.8.2',
93 silly addNameRange     '1.8.3',
93 silly addNameRange     '1.8.4',
93 silly addNameRange     '1.9.0',
93 silly addNameRange     '2.0.0',
93 silly addNameRange     '2.0.1',
93 silly addNameRange     '2.0.2',
93 silly addNameRange     '2.0.3',
93 silly addNameRange     '2.0.4',
93 silly addNameRange     '2.0.5',
93 silly addNameRange     '2.0.6',
93 silly addNameRange     '2.0.7',
93 silly addNameRange     '2.0.8',
93 silly addNameRange     '2.0.9',
93 silly addNameRange     '2.1.0',
93 silly addNameRange     '2.2.0',
93 silly addNameRange     '2.2.1',
93 silly addNameRange     '2.3.0',
93 silly addNameRange     '2.3.1',
93 silly addNameRange     '2.3.2',
93 silly addNameRange     '2.3.3',
93 silly addNameRange     '2.3.4',
93 silly addNameRange     '2.3.5',
93 silly addNameRange     '2.4.0',
93 silly addNameRange     '2.5.0',
93 silly addNameRange     '2.5.1',
93 silly addNameRange     '2.6.0',
93 silly addNameRange     '2.6.1' ] ]
94 silly addNamed nan@2.5.1
95 verbose addNamed "2.5.1" is a plain semver version for nan
96 silly cache afterAdd nan@2.5.1
97 verbose afterAdd C:\Users\ajinkya.doshi\AppData\Roaming\npm-cache\nan\2.5.1\package\package.json not in flight; writing
98 verbose correctMkdir C:\Users\ajinkya.doshi\AppData\Roaming\npm-cache correctMkdir not in flight; initializing
99 verbose afterAdd C:\Users\ajinkya.doshi\AppData\Roaming\npm-cache\nan\2.5.1\package\package.json written
100 silly loadAllDepsIntoIdealTree Finishing
101 silly loadIdealTree Finishing
102 silly currentTree Examples
102 silly currentTree +-- ansi-regex@2.1.1
102 silly currentTree +-- assert@1.4.1
102 silly currentTree +-- async@2.1.4
102 silly currentTree +-- bluebird@2.10.2
102 silly currentTree +-- bson@1.0.4
102 silly currentTree +-- buffer-shims@1.0.0
102 silly currentTree +-- builtin-modules@1.1.1
102 silly currentTree +-- camelcase@3.0.0
102 silly currentTree +-- cliui@3.2.0
102 silly currentTree +-- code-point-at@1.1.0
102 silly currentTree +-- core-util-is@1.0.2
102 silly currentTree +-- debug@2.2.0
102 silly currentTree | `-- ms@0.7.1
102 silly currentTree +-- decamelize@1.2.0
102 silly currentTree +-- error-ex@1.3.1
102 silly currentTree +-- es6-promise@3.2.1
102 silly currentTree +-- find-up@1.1.2
102 silly currentTree +-- get-caller-file@1.0.2
102 silly currentTree +-- graceful-fs@4.1.11
102 silly currentTree +-- hooks-fixed@2.0.0
102 silly currentTree +-- hosted-git-info@2.4.1
102 silly currentTree +-- inherits@2.0.3
102 silly currentTree +-- invert-kv@1.0.0
102 silly currentTree +-- is-arrayish@0.2.1
102 silly currentTree +-- is-builtin-module@1.0.0
102 silly currentTree +-- is-fullwidth-code-point@1.0.0
102 silly currentTree +-- is-utf8@0.2.1
102 silly currentTree +-- isarray@1.0.0
102 silly currentTree +-- kareem@1.2.1
102 silly currentTree +-- lcid@1.0.0
102 silly currentTree +-- load-json-file@1.1.0
102 silly currentTree +-- lodash@4.17.4
102 silly currentTree +-- mongodb-core@2.1.9
102 silly currentTree +-- mongodb@2.2.25
102 silly currentTree +-- mongoose-currency@0.2.0
102 silly currentTree +-- mongoose@4.9.4
102 silly currentTree +-- mpath@0.2.1
102 silly currentTree +-- mpromise@0.5.5
102 silly currentTree +-- mquery@2.3.0
102 silly currentTree | `-- sliced@0.0.5
102 silly currentTree +-- ms@0.7.2
102 silly currentTree +-- muri@1.2.1
102 silly currentTree +-- normalize-package-data@2.3.6
102 silly currentTree +-- number-is-nan@1.0.1
102 silly currentTree +-- os-locale@1.4.0
102 silly currentTree +-- parse-json@2.2.0
102 silly currentTree +-- path-exists@2.1.0
102 silly currentTree +-- path-type@1.1.0
102 silly currentTree +-- pify@2.3.0
102 silly currentTree +-- pinkie-promise@2.0.1
102 silly currentTree +-- pinkie@2.0.4
102 silly currentTree +-- process-nextick-args@1.0.7
102 silly currentTree +-- read-pkg-up@1.0.1
102 silly currentTree +-- read-pkg@1.1.0
102 silly currentTree +-- readable-stream@2.1.5
102 silly currentTree +-- regexp-clone@0.0.1
102 silly currentTree +-- require_optional@1.0.0
102 silly currentTree +-- require-directory@2.1.1
102 silly currentTree +-- require-main-filename@1.0.1
102 silly currentTree +-- resolve-from@2.0.0
102 silly currentTree +-- semver@5.3.0
102 silly currentTree +-- set-blocking@2.0.0
102 silly currentTree +-- sliced@1.0.1
102 silly currentTree +-- spdx-correct@1.0.2
102 silly currentTree +-- spdx-expression-parse@1.0.4
102 silly currentTree +-- spdx-license-ids@1.2.2
102 silly currentTree +-- string_decoder@0.10.31
102 silly currentTree +-- string-width@1.0.2
102 silly currentTree +-- strip-ansi@3.0.1
102 silly currentTree +-- strip-bom@2.0.0
102 silly currentTree +-- util-deprecate@1.0.2
102 silly currentTree +-- util@0.10.3
102 silly currentTree | `-- inherits@2.0.1
102 silly currentTree +-- validate-npm-package-license@3.0.1
102 silly currentTree +-- which-module@1.0.0
102 silly currentTree +-- wrap-ansi@2.1.0
102 silly currentTree +-- y18n@3.2.1
102 silly currentTree +-- yargs-parser@5.0.0
102 silly currentTree `-- yargs@7.0.2
103 silly idealTree Examples
103 silly idealTree +-- ansi-regex@2.1.1
103 silly idealTree +-- assert@1.4.1
103 silly idealTree +-- async@2.1.4
103 silly idealTree +-- bluebird@2.10.2
103 silly idealTree +-- bson@1.0.4
103 silly idealTree +-- buffer-shims@1.0.0
103 silly idealTree +-- builtin-modules@1.1.1
103 silly idealTree +-- camelcase@3.0.0
103 silly idealTree +-- cliui@3.2.0
103 silly idealTree +-- code-point-at@1.1.0
103 silly idealTree +-- core-util-is@1.0.2
103 silly idealTree +-- debug@2.2.0
103 silly idealTree | `-- ms@0.7.1
103 silly idealTree +-- decamelize@1.2.0
103 silly idealTree +-- error-ex@1.3.1
103 silly idealTree +-- es6-promise@3.2.1
103 silly idealTree +-- find-up@1.1.2
103 silly idealTree +-- get-caller-file@1.0.2
103 silly idealTree +-- graceful-fs@4.1.11
103 silly idealTree +-- hooks-fixed@2.0.0
103 silly idealTree +-- hosted-git-info@2.4.1
103 silly idealTree +-- inherits@2.0.3
103 silly idealTree +-- invert-kv@1.0.0
103 silly idealTree +-- is-arrayish@0.2.1
103 silly idealTree +-- is-builtin-module@1.0.0
103 silly idealTree +-- is-fullwidth-code-point@1.0.0
103 silly idealTree +-- is-utf8@0.2.1
103 silly idealTree +-- isarray@1.0.0
103 silly idealTree +-- kareem@1.2.1
103 silly idealTree +-- lcid@1.0.0
103 silly idealTree +-- load-json-file@1.1.0
103 silly idealTree +-- lodash@4.17.4
103 silly idealTree +-- mongodb-core@2.1.9
103 silly idealTree +-- mongodb@2.2.25
103 silly idealTree +-- mongoose-currency@0.2.0
103 silly idealTree +-- mongoose@4.9.4
103 silly idealTree +-- mpath@0.2.1
103 silly idealTree +-- mpromise@0.5.5
103 silly idealTree +-- mquery@2.3.0
103 silly idealTree | `-- sliced@0.0.5
103 silly idealTree +-- ms@0.7.2
103 silly idealTree +-- muri@1.2.1
103 silly idealTree +-- nan@2.5.1
103 silly idealTree +-- normalize-package-data@2.3.6
103 silly idealTree +-- number-is-nan@1.0.1
103 silly idealTree +-- oracledb@1.13.0
103 silly idealTree +-- os-locale@1.4.0
103 silly idealTree +-- parse-json@2.2.0
103 silly idealTree +-- path-exists@2.1.0
103 silly idealTree +-- path-type@1.1.0
103 silly idealTree +-- pify@2.3.0
103 silly idealTree +-- pinkie-promise@2.0.1
103 silly idealTree +-- pinkie@2.0.4
103 silly idealTree +-- process-nextick-args@1.0.7
103 silly idealTree +-- read-pkg-up@1.0.1
103 silly idealTree +-- read-pkg@1.1.0
103 silly idealTree +-- readable-stream@2.1.5
103 silly idealTree +-- regexp-clone@0.0.1
103 silly idealTree +-- require_optional@1.0.0
103 silly idealTree +-- require-directory@2.1.1
103 silly idealTree +-- require-main-filename@1.0.1
103 silly idealTree +-- resolve-from@2.0.0
103 silly idealTree +-- semver@5.3.0
103 silly idealTree +-- set-blocking@2.0.0
103 silly idealTree +-- sliced@1.0.1
103 silly idealTree +-- spdx-correct@1.0.2
103 silly idealTree +-- spdx-expression-parse@1.0.4
103 silly idealTree +-- spdx-license-ids@1.2.2
103 silly idealTree +-- string_decoder@0.10.31
103 silly idealTree +-- string-width@1.0.2
103 silly idealTree +-- strip-ansi@3.0.1
103 silly idealTree +-- strip-bom@2.0.0
103 silly idealTree +-- util-deprecate@1.0.2
103 silly idealTree +-- util@0.10.3
103 silly idealTree | `-- inherits@2.0.1
103 silly idealTree +-- validate-npm-package-license@3.0.1
103 silly idealTree +-- which-module@1.0.0
103 silly idealTree +-- wrap-ansi@2.1.0
103 silly idealTree +-- y18n@3.2.1
103 silly idealTree +-- yargs-parser@5.0.0
103 silly idealTree `-- yargs@7.0.2
104 silly generateActionsToTake Starting
105 silly install generateActionsToTake
106 silly generateActionsToTake Finishing
107 silly diffTrees action count 2
108 silly diffTrees add nan@2.5.1
109 silly diffTrees add oracledb@1.13.0
110 silly decomposeActions action count 16
111 silly decomposeActions fetch nan@2.5.1
112 silly decomposeActions extract nan@2.5.1
113 silly decomposeActions test nan@2.5.1
114 silly decomposeActions preinstall nan@2.5.1
115 silly decomposeActions build nan@2.5.1
116 silly decomposeActions install nan@2.5.1
117 silly decomposeActions postinstall nan@2.5.1
118 silly decomposeActions finalize nan@2.5.1
119 silly decomposeActions fetch oracledb@1.13.0
120 silly decomposeActions extract oracledb@1.13.0
121 silly decomposeActions test oracledb@1.13.0
122 silly decomposeActions preinstall oracledb@1.13.0
123 silly decomposeActions build oracledb@1.13.0
124 silly decomposeActions install oracledb@1.13.0
125 silly decomposeActions postinstall oracledb@1.13.0
126 silly decomposeActions finalize oracledb@1.13.0
127 silly runTopLevelLifecycles Starting
128 silly executeActions Starting
129 silly install executeActions
130 silly doSerial global-install 0
131 silly doParallel fetch 2
132 verbose correctMkdir C:\Users\ajinkya.doshi\AppData\Roaming\npm-cache\_locks correctMkdir not in flight; initializing
133 verbose lock using C:\Users\ajinkya.doshi\AppData\Roaming\npm-cache\_locks\staging-8ec7f1001116ca62.lock for C:\ATT\PMG\NodeJS\Training\Codebase\Coursera\Examples\node_modules\.staging
134 silly doParallel extract 2
135 silly extract nan@2.5.1
136 silly extract oracledb@1.13.0
137 verbose unbuild node_modules\.staging\nan-c9d76e0e
138 verbose unbuild node_modules\.staging\oracledb-302ce3fa
139 silly gentlyRm C:\ATT\PMG\NodeJS\Training\Codebase\Coursera\Examples\node_modules\.staging\nan-c9d76e0e is being purged from base C:\ATT\PMG\NodeJS\Training\Codebase\Coursera\Examples
140 verbose gentlyRm don't care about contents; nuking C:\ATT\PMG\NodeJS\Training\Codebase\Coursera\Examples\node_modules\.staging\nan-c9d76e0e
141 silly gentlyRm C:\ATT\PMG\NodeJS\Training\Codebase\Coursera\Examples\node_modules\.staging\oracledb-302ce3fa is being purged from base C:\ATT\PMG\NodeJS\Training\Codebase\Coursera\Examples
142 verbose gentlyRm don't care about contents; nuking C:\ATT\PMG\NodeJS\Training\Codebase\Coursera\Examples\node_modules\.staging\oracledb-302ce3fa
143 verbose tar unpack C:\Users\ajinkya.doshi\AppData\Roaming\npm-cache\nan\2.5.1\package.tgz
144 verbose tar unpacking to C:\ATT\PMG\NodeJS\Training\Codebase\Coursera\Examples\node_modules\.staging\nan-c9d76e0e
145 silly gentlyRm C:\ATT\PMG\NodeJS\Training\Codebase\Coursera\Examples\node_modules\.staging\nan-c9d76e0e is being purged
146 verbose gentlyRm don't care about contents; nuking C:\ATT\PMG\NodeJS\Training\Codebase\Coursera\Examples\node_modules\.staging\nan-c9d76e0e
147 verbose tar unpack C:\Users\ajinkya.doshi\AppData\Roaming\npm-cache\oracledb\1.13.0\package.tgz
148 verbose tar unpacking to C:\ATT\PMG\NodeJS\Training\Codebase\Coursera\Examples\node_modules\.staging\oracledb-302ce3fa
149 silly gentlyRm C:\ATT\PMG\NodeJS\Training\Codebase\Coursera\Examples\node_modules\.staging\oracledb-302ce3fa is being purged
150 verbose gentlyRm don't care about contents; nuking C:\ATT\PMG\NodeJS\Training\Codebase\Coursera\Examples\node_modules\.staging\oracledb-302ce3fa
151 silly gunzTarPerm modes [ '777', '666' ]
152 silly gunzTarPerm modes [ '777', '666' ]
153 silly gunzTarPerm extractEntry package.json
154 silly gunzTarPerm modified mode [ 'package.json', 436, 438 ]
155 silly gunzTarPerm extractEntry package.json
156 silly gunzTarPerm modified mode [ 'package.json', 420, 438 ]
157 silly gunzTarPerm extractEntry README.md
158 silly gunzTarPerm modified mode [ 'README.md', 420, 438 ]
159 silly gunzTarPerm extractEntry index.js
160 silly gunzTarPerm modified mode [ 'index.js', 420, 438 ]
161 silly gunzTarPerm extractEntry README.md
162 silly gunzTarPerm modified mode [ 'README.md', 436, 438 ]
163 silly gunzTarPerm extractEntry include_dirs.js
164 silly gunzTarPerm modified mode [ 'include_dirs.js', 436, 438 ]
165 silly gunzTarPerm extractEntry nan_converters.h
166 silly gunzTarPerm modified mode [ 'nan_converters.h', 436, 438 ]
167 silly gunzTarPerm extractEntry CHANGELOG.md
168 silly gunzTarPerm modified mode [ 'CHANGELOG.md', 436, 438 ]
169 silly gunzTarPerm extractEntry LICENSE.md
170 silly gunzTarPerm modified mode [ 'LICENSE.md', 436, 438 ]
171 silly gunzTarPerm extractEntry CHANGELOG.md
172 silly gunzTarPerm modified mode [ 'CHANGELOG.md', 420, 438 ]
173 silly gunzTarPerm extractEntry LICENSE.md
174 silly gunzTarPerm modified mode [ 'LICENSE.md', 420, 438 ]
175 silly gunzTarPerm extractEntry doc/node_misc.md
176 silly gunzTarPerm modified mode [ 'doc/node_misc.md', 436, 438 ]
177 silly gunzTarPerm extractEntry binding.gyp
178 silly gunzTarPerm modified mode [ 'binding.gyp', 420, 438 ]
179 silly gunzTarPerm extractEntry lib/connection.js
180 silly gunzTarPerm modified mode [ 'lib/connection.js', 420, 438 ]
181 silly gunzTarPerm extractEntry doc/asyncworker.md
182 silly gunzTarPerm modified mode [ 'doc/asyncworker.md', 436, 438 ]
183 silly gunzTarPerm extractEntry doc/callback.md
184 silly gunzTarPerm modified mode [ 'doc/callback.md', 436, 438 ]
185 silly gunzTarPerm extractEntry lib/lob.js
186 silly gunzTarPerm modified mode [ 'lib/lob.js', 420, 438 ]
187 silly gunzTarPerm extractEntry lib/oracledb.js
188 silly gunzTarPerm modified mode [ 'lib/oracledb.js', 420, 438 ]
189 silly gunzTarPerm extractEntry lib/pool.js
190 silly gunzTarPerm modified mode [ 'lib/pool.js', 420, 438 ]
191 silly gunzTarPerm extractEntry lib/querystream.js
192 silly gunzTarPerm modified mode [ 'lib/querystream.js', 420, 438 ]
193 silly gunzTarPerm extractEntry doc/converters.md
194 silly gunzTarPerm modified mode [ 'doc/converters.md', 436, 438 ]
195 silly gunzTarPerm extractEntry doc/errors.md
196 silly gunzTarPerm modified mode [ 'doc/errors.md', 436, 438 ]
197 silly gunzTarPerm extractEntry lib/resultset.js
198 silly gunzTarPerm modified mode [ 'lib/resultset.js', 420, 438 ]
199 silly gunzTarPerm extractEntry lib/util.js
200 silly gunzTarPerm modified mode [ 'lib/util.js', 420, 438 ]
201 silly gunzTarPerm extractEntry src/dpi/include/dpi.h
202 silly gunzTarPerm modified mode [ 'src/dpi/include/dpi.h', 420, 438 ]
203 silly gunzTarPerm extractEntry doc/maybe_types.md
204 silly gunzTarPerm modified mode [ 'doc/maybe_types.md', 436, 438 ]
205 silly gunzTarPerm extractEntry doc/methods.md
206 silly gunzTarPerm modified mode [ 'doc/methods.md', 436, 438 ]
207 silly gunzTarPerm extractEntry doc/new.md
208 silly gunzTarPerm modified mode [ 'doc/new.md', 436, 438 ]
209 silly gunzTarPerm extractEntry src/dpi/include/dpiCommon.h
210 silly gunzTarPerm modified mode [ 'src/dpi/include/dpiCommon.h', 420, 438 ]
211 silly gunzTarPerm extractEntry src/dpi/include/dpiConn.h
212 silly gunzTarPerm modified mode [ 'src/dpi/include/dpiConn.h', 420, 438 ]
213 silly gunzTarPerm extractEntry doc/buffers.md
214 silly gunzTarPerm modified mode [ 'doc/buffers.md', 436, 438 ]
215 silly gunzTarPerm extractEntry doc/object_wrappers.md
216 silly gunzTarPerm modified mode [ 'doc/object_wrappers.md', 436, 438 ]
217 silly gunzTarPerm extractEntry src/dpi/include/dpiDateTimeArray.h
218 silly gunzTarPerm modified mode [ 'src/dpi/include/dpiDateTimeArray.h', 420, 438 ]
219 silly gunzTarPerm extractEntry src/dpi/include/dpiEnv.h
220 silly gunzTarPerm modified mode [ 'src/dpi/include/dpiEnv.h', 420, 438 ]
221 silly gunzTarPerm extractEntry doc/persistent.md
222 silly gunzTarPerm modified mode [ 'doc/persistent.md', 436, 438 ]
223 silly gunzTarPerm extractEntry doc/scopes.md
224 silly gunzTarPerm modified mode [ 'doc/scopes.md', 436, 438 ]
225 silly gunzTarPerm extractEntry src/dpi/include/dpiException.h
226 silly gunzTarPerm modified mode [ 'src/dpi/include/dpiException.h', 420, 438 ]
227 silly gunzTarPerm extractEntry src/dpi/include/dpiLob.h
228 silly gunzTarPerm modified mode [ 'src/dpi/include/dpiLob.h', 420, 438 ]
229 silly gunzTarPerm extractEntry doc/script.md
230 silly gunzTarPerm modified mode [ 'doc/script.md', 436, 438 ]
231 silly gunzTarPerm extractEntry doc/string_bytes.md
232 silly gunzTarPerm modified mode [ 'doc/string_bytes.md', 436, 438 ]
233 silly gunzTarPerm extractEntry src/dpi/include/dpiPool.h
234 silly gunzTarPerm modified mode [ 'src/dpi/include/dpiPool.h', 420, 438 ]
235 silly gunzTarPerm extractEntry src/dpi/include/dpiStmt.h
236 silly gunzTarPerm modified mode [ 'src/dpi/include/dpiStmt.h', 420, 438 ]
237 silly gunzTarPerm extractEntry doc/v8_internals.md
238 silly gunzTarPerm modified mode [ 'doc/v8_internals.md', 436, 438 ]
239 silly gunzTarPerm extractEntry doc/v8_misc.md
240 silly gunzTarPerm modified mode [ 'doc/v8_misc.md', 436, 438 ]
241 silly gunzTarPerm extractEntry src/dpi/src/dpiExceptionImpl.cpp
242 silly gunzTarPerm modified mode [ 'src/dpi/src/dpiExceptionImpl.cpp', 420, 438 ]
243 silly gunzTarPerm extractEntry src/dpi/src/dpiCommon.cpp
244 silly gunzTarPerm modified mode [ 'src/dpi/src/dpiCommon.cpp', 420, 438 ]
245 silly gunzTarPerm extractEntry src/dpi/src/dpiConnImpl.h
246 silly gunzTarPerm modified mode [ 'src/dpi/src/dpiConnImpl.h', 420, 438 ]
247 silly gunzTarPerm extractEntry src/dpi/src/dpiDateTimeArrayImpl.cpp
248 silly gunzTarPerm modified mode [ 'src/dpi/src/dpiDateTimeArrayImpl.cpp', 420, 438 ]
249 silly gunzTarPerm extractEntry nan.h
250 silly gunzTarPerm modified mode [ 'nan.h', 436, 438 ]
251 silly gunzTarPerm extractEntry src/dpi/src/dpiDateTimeArrayImpl.h
252 silly gunzTarPerm modified mode [ 'src/dpi/src/dpiDateTimeArrayImpl.h', 420, 438 ]
253 silly gunzTarPerm extractEntry src/dpi/src/dpiEnv.cpp
254 silly gunzTarPerm modified mode [ 'src/dpi/src/dpiEnv.cpp', 420, 438 ]
255 silly gunzTarPerm extractEntry nan_callbacks.h
256 silly gunzTarPerm modified mode [ 'nan_callbacks.h', 436, 438 ]
257 silly gunzTarPerm extractEntry nan_callbacks_12_inl.h
258 silly gunzTarPerm modified mode [ 'nan_callbacks_12_inl.h', 436, 438 ]
259 silly gunzTarPerm extractEntry nan_callbacks_pre_12_inl.h
260 silly gunzTarPerm modified mode [ 'nan_callbacks_pre_12_inl.h', 436, 438 ]
261 silly gunzTarPerm extractEntry src/dpi/src/dpiEnvImpl.cpp
262 silly gunzTarPerm modified mode [ 'src/dpi/src/dpiEnvImpl.cpp', 420, 438 ]
263 silly gunzTarPerm extractEntry src/dpi/src/dpiEnvImpl.h
264 silly gunzTarPerm modified mode [ 'src/dpi/src/dpiEnvImpl.h', 420, 438 ]
265 silly gunzTarPerm extractEntry nan_converters_43_inl.h
266 silly gunzTarPerm modified mode [ 'nan_converters_43_inl.h', 436, 438 ]
267 silly gunzTarPerm extractEntry nan_converters_pre_43_inl.h
268 silly gunzTarPerm modified mode [ 'nan_converters_pre_43_inl.h', 436, 438 ]
269 silly gunzTarPerm extractEntry nan_implementation_12_inl.h
270 silly gunzTarPerm modified mode [ 'nan_implementation_12_inl.h', 436, 438 ]
271 silly gunzTarPerm extractEntry src/dpi/src/dpiException.cpp
272 silly gunzTarPerm modified mode [ 'src/dpi/src/dpiException.cpp', 420, 438 ]
273 silly gunzTarPerm extractEntry src/dpi/src/dpiConnImpl.cpp
274 silly gunzTarPerm modified mode [ 'src/dpi/src/dpiConnImpl.cpp', 420, 438 ]
275 silly gunzTarPerm extractEntry nan_implementation_pre_12_inl.h
276 silly gunzTarPerm modified mode [ 'nan_implementation_pre_12_inl.h', 436, 438 ]
277 silly gunzTarPerm extractEntry nan_maybe_43_inl.h
278 silly gunzTarPerm modified mode [ 'nan_maybe_43_inl.h', 436, 438 ]
279 silly gunzTarPerm extractEntry nan_maybe_pre_43_inl.h
280 silly gunzTarPerm modified mode [ 'nan_maybe_pre_43_inl.h', 436, 438 ]
281 silly gunzTarPerm extractEntry nan_new.h
282 silly gunzTarPerm modified mode [ 'nan_new.h', 436, 438 ]
283 silly gunzTarPerm extractEntry nan_object_wrap.h
284 silly gunzTarPerm modified mode [ 'nan_object_wrap.h', 436, 438 ]
285 silly gunzTarPerm extractEntry src/dpi/src/dpiExceptionImpl.h
286 silly gunzTarPerm modified mode [ 'src/dpi/src/dpiExceptionImpl.h', 420, 438 ]
287 silly gunzTarPerm extractEntry src/dpi/src/dpiLob.cpp
288 silly gunzTarPerm modified mode [ 'src/dpi/src/dpiLob.cpp', 420, 438 ]
289 silly gunzTarPerm extractEntry nan_persistent_12_inl.h
290 silly gunzTarPerm modified mode [ 'nan_persistent_12_inl.h', 436, 438 ]
291 silly gunzTarPerm extractEntry nan_persistent_pre_12_inl.h
292 silly gunzTarPerm modified mode [ 'nan_persistent_pre_12_inl.h', 436, 438 ]
293 silly gunzTarPerm extractEntry nan_private.h
294 silly gunzTarPerm modified mode [ 'nan_private.h', 436, 438 ]
295 silly gunzTarPerm extractEntry nan_string_bytes.h
296 silly gunzTarPerm modified mode [ 'nan_string_bytes.h', 436, 438 ]
297 silly gunzTarPerm extractEntry src/dpi/src/dpiPoolImpl.cpp
298 silly gunzTarPerm modified mode [ 'src/dpi/src/dpiPoolImpl.cpp', 420, 438 ]
299 silly gunzTarPerm extractEntry src/dpi/src/dpiPoolImpl.h
300 silly gunzTarPerm modified mode [ 'src/dpi/src/dpiPoolImpl.h', 420, 438 ]
301 silly gunzTarPerm extractEntry nan_typedarray_contents.h
302 silly gunzTarPerm modified mode [ 'nan_typedarray_contents.h', 436, 438 ]
303 silly gunzTarPerm extractEntry nan_weak.h
304 silly gunzTarPerm modified mode [ 'nan_weak.h', 436, 438 ]
305 silly gunzTarPerm extractEntry src/dpi/src/dpiStmtImpl.cpp
306 silly gunzTarPerm modified mode [ 'src/dpi/src/dpiStmtImpl.cpp', 420, 438 ]
307 silly gunzTarPerm extractEntry src/dpi/src/dpiStmtImpl.h
308 silly gunzTarPerm modified mode [ 'src/dpi/src/dpiStmtImpl.h', 420, 438 ]
309 silly gunzTarPerm extractEntry tools/package.json
310 silly gunzTarPerm modified mode [ 'tools/package.json', 436, 438 ]
311 silly gunzTarPerm extractEntry tools/README.md
312 silly gunzTarPerm modified mode [ 'tools/README.md', 436, 438 ]
313 silly gunzTarPerm extractEntry src/dpi/src/dpiUtils.cpp
314 silly gunzTarPerm modified mode [ 'src/dpi/src/dpiUtils.cpp', 420, 438 ]
315 silly gunzTarPerm extractEntry src/dpi/src/dpiUtils.h
316 silly gunzTarPerm modified mode [ 'src/dpi/src/dpiUtils.h', 420, 438 ]
317 silly gunzTarPerm extractEntry tools/1to2.js
318 silly gunzTarPerm modified mode [ 'tools/1to2.js', 509, 511 ]
319 silly gunzTarPerm extractEntry src/njs/src/njsOracle.cpp
320 silly gunzTarPerm modified mode [ 'src/njs/src/njsOracle.cpp', 420, 438 ]
321 silly gunzTarPerm extractEntry src/njs/src/njsConnection.cpp
322 silly gunzTarPerm modified mode [ 'src/njs/src/njsConnection.cpp', 420, 438 ]
323 silly gunzTarPerm extractEntry src/njs/src/njsIntLob.cpp
324 silly gunzTarPerm modified mode [ 'src/njs/src/njsIntLob.cpp', 420, 438 ]
325 silly gunzTarPerm extractEntry src/njs/src/njsIntLob.h
326 silly gunzTarPerm modified mode [ 'src/njs/src/njsIntLob.h', 420, 438 ]
327 silly gunzTarPerm extractEntry src/njs/src/njsMessages.cpp
328 silly gunzTarPerm modified mode [ 'src/njs/src/njsMessages.cpp', 420, 438 ]
329 silly gunzTarPerm extractEntry src/njs/src/njsMessages.h
330 silly gunzTarPerm modified mode [ 'src/njs/src/njsMessages.h', 420, 438 ]
331 silly gunzTarPerm extractEntry src/njs/src/njsConnection.h
332 silly gunzTarPerm modified mode [ 'src/njs/src/njsConnection.h', 420, 438 ]
333 silly gunzTarPerm extractEntry src/njs/src/njsOracle.h
334 silly gunzTarPerm modified mode [ 'src/njs/src/njsOracle.h', 420, 438 ]
335 silly gunzTarPerm extractEntry src/njs/src/njsPool.cpp
336 silly gunzTarPerm modified mode [ 'src/njs/src/njsPool.cpp', 420, 438 ]
337 silly gunzTarPerm extractEntry src/njs/src/njsPool.h
338 silly gunzTarPerm modified mode [ 'src/njs/src/njsPool.h', 420, 438 ]
339 silly gunzTarPerm extractEntry src/njs/src/njsResultSet.cpp
340 silly gunzTarPerm modified mode [ 'src/njs/src/njsResultSet.cpp', 420, 438 ]
341 silly gunzTarPerm extractEntry src/njs/src/njsResultSet.h
342 silly gunzTarPerm modified mode [ 'src/njs/src/njsResultSet.h', 420, 438 ]
343 silly gunzTarPerm extractEntry src/njs/src/njsUtils.h
344 silly gunzTarPerm modified mode [ 'src/njs/src/njsUtils.h', 420, 438 ]
345 silly gentlyRm C:\ATT\PMG\NodeJS\Training\Codebase\Coursera\Examples\node_modules\.staging\nan-c9d76e0e\node_modules is being purged
346 verbose gentlyRm don't care about contents; nuking C:\ATT\PMG\NodeJS\Training\Codebase\Coursera\Examples\node_modules\.staging\nan-c9d76e0e\node_modules
347 silly gentlyRm C:\ATT\PMG\NodeJS\Training\Codebase\Coursera\Examples\node_modules\.staging\oracledb-302ce3fa\node_modules is being purged
348 verbose gentlyRm don't care about contents; nuking C:\ATT\PMG\NodeJS\Training\Codebase\Coursera\Examples\node_modules\.staging\oracledb-302ce3fa\node_modules
349 silly doParallel preinstall 2
350 silly preinstall nan@2.5.1 C:\ATT\PMG\NodeJS\Training\Codebase\Coursera\Examples\node_modules\.staging\nan-c9d76e0e
351 info lifecycle nan@2.5.1~preinstall: nan@2.5.1
352 silly preinstall oracledb@1.13.0 C:\ATT\PMG\NodeJS\Training\Codebase\Coursera\Examples\node_modules\.staging\oracledb-302ce3fa
353 info lifecycle oracledb@1.13.0~preinstall: oracledb@1.13.0
354 silly lifecycle nan@2.5.1~preinstall: no script for preinstall, continuing
355 silly lifecycle oracledb@1.13.0~preinstall: no script for preinstall, continuing
356 silly doReverseSerial remove 0
357 silly doSerial move 0
358 silly doSerial finalize 2
359 silly finalize C:\ATT\PMG\NodeJS\Training\Codebase\Coursera\Examples\node_modules\nan
360 silly finalize C:\ATT\PMG\NodeJS\Training\Codebase\Coursera\Examples\node_modules\oracledb
361 silly doSerial build 2
362 silly build nan@2.5.1
363 info linkStuff nan@2.5.1
364 silly linkStuff nan@2.5.1 has C:\ATT\PMG\NodeJS\Training\Codebase\Coursera\Examples\node_modules as its parent node_modules
365 verbose linkBins nan@2.5.1
366 verbose linkMans nan@2.5.1
367 silly build oracledb@1.13.0
368 info linkStuff oracledb@1.13.0
369 silly linkStuff oracledb@1.13.0 has C:\ATT\PMG\NodeJS\Training\Codebase\Coursera\Examples\node_modules as its parent node_modules
370 verbose linkBins oracledb@1.13.0
371 verbose linkMans oracledb@1.13.0
372 silly doSerial global-link 0
373 silly doParallel update-linked 0
374 silly doSerial install 2
375 silly install nan@2.5.1 C:\ATT\PMG\NodeJS\Training\Codebase\Coursera\Examples\node_modules\.staging\nan-c9d76e0e
376 info lifecycle nan@2.5.1~install: nan@2.5.1
377 silly lifecycle nan@2.5.1~install: no script for install, continuing
378 silly install oracledb@1.13.0 C:\ATT\PMG\NodeJS\Training\Codebase\Coursera\Examples\node_modules\.staging\oracledb-302ce3fa
379 info lifecycle oracledb@1.13.0~install: oracledb@1.13.0
380 verbose lifecycle oracledb@1.13.0~install: unsafe-perm in lifecycle true
381 verbose lifecycle oracledb@1.13.0~install: PATH: C:\Program Files\nodejs\node_modules\npm\bin\node-gyp-bin;C:\ATT\PMG\NodeJS\Training\Codebase\Coursera\Examples\node_modules\oracledb\node_modules\.bin;C:\ATT\PMG\NodeJS\Training\Codebase\Coursera\Examples\node_modules\.bin;C:\Python27\python.exe;C:\oraclexe\app\oracle\product\11.2.0\server\bin;;C:\ProgramData\Oracle\Java\javapath;C:\tibco\tibrv\8.4\bin;C:\tibco\tibrv\8.1\bin;C:\Program Files (x86)\AMD APP\bin\x86_64;C:\Program Files (x86)\AMD APP\bin\x86;C:\Windows\system32;C:\Windows;C:\Windows\System32\Wbem;C:\Windows\System32\WindowsPowerShell\v1.0\;C:\Program Files (x86)\ATI Technologies\ATI.ACE\Core-Static;C:\Program Files\Microsoft SQL Server\100\DTS\Binn\;C:\Program Files (x86)\Microsoft SQL Server\100\Tools\Binn\VSShell\Common7\IDE\;C:\Program Files (x86)\Microsoft SQL Server\100\Tools\Binn\;C:\Program Files\Microsoft SQL Server\100\Tools\Binn\;C:\Program Files (x86)\Microsoft SQL Server\100\DTS\Binn\;C:\Program Files (x86)\Microsoft Visual Studio 9.0\Common7\IDE\PrivateAssemblies\;C:\PROGRA~2\CA\SC\CAM\bin;C:\Program Files\TortoiseSVN\bin;C:\Program Files\nodejs\;C:\Program Files\MongoDB\Server\3.4\bin;;C:\Program Files (x86)\Microsoft VS Code\bin;C:\Users\ajinkya.doshi\AppData\Roaming\npm
382 verbose lifecycle oracledb@1.13.0~install: CWD: C:\ATT\PMG\NodeJS\Training\Codebase\Coursera\Examples\node_modules\oracledb
383 silly lifecycle oracledb@1.13.0~install: Args: [ '/d /s /c', 'node-gyp rebuild' ]
384 silly lifecycle oracledb@1.13.0~install: Returned: code: 1  signal: null
385 info lifecycle oracledb@1.13.0~install: Failed to exec install script
386 verbose unlock done using C:\Users\ajinkya.doshi\AppData\Roaming\npm-cache\_locks\staging-8ec7f1001116ca62.lock for C:\ATT\PMG\NodeJS\Training\Codebase\Coursera\Examples\node_modules\.staging
387 silly rollbackFailedOptional Starting
388 silly rollbackFailedOptional Finishing
389 silly runTopLevelLifecycles Finishing
390 silly install printInstalled
391 warn enoent ENOENT: no such file or directory, open 'C:\ATT\PMG\NodeJS\Training\Codebase\Coursera\Examples\package.json'
392 verbose enoent ENOENT: no such file or directory, open 'C:\ATT\PMG\NodeJS\Training\Codebase\Coursera\Examples\package.json'
392 verbose enoent This is most likely not a problem with npm itself
392 verbose enoent and is related to npm not being able to find a file.
393 warn Examples No description
394 verbose If you need help, you may report this error at:
394 verbose     <https://github.com/npm/npm/issues>
395 warn Examples No repository field.
396 verbose If you need help, you may report this error at:
396 verbose     <https://github.com/npm/npm/issues>
397 warn Examples No README data
398 verbose If you need help, you may report this error at:
398 verbose     <https://github.com/npm/npm/issues>
399 warn Examples No license field.
400 verbose If you need help, you may report this error at:
400 verbose     <https://github.com/npm/npm/issues>
401 verbose stack Error: oracledb@1.13.0 install: `node-gyp rebuild`
401 verbose stack Exit status 1
401 verbose stack     at EventEmitter.<anonymous> (C:\Program Files\nodejs\node_modules\npm\lib\utils\lifecycle.js:255:16)
401 verbose stack     at emitTwo (events.js:106:13)
401 verbose stack     at EventEmitter.emit (events.js:191:7)
401 verbose stack     at ChildProcess.<anonymous> (C:\Program Files\nodejs\node_modules\npm\lib\utils\spawn.js:40:14)
401 verbose stack     at emitTwo (events.js:106:13)
401 verbose stack     at ChildProcess.emit (events.js:191:7)
401 verbose stack     at maybeClose (internal/child_process.js:886:16)
401 verbose stack     at Process.ChildProcess._handle.onexit (internal/child_process.js:226:5)
402 verbose pkgid oracledb@1.13.0
403 verbose cwd C:\ATT\PMG\NodeJS\Training\Codebase\Coursera\Examples\node-oracledb-rest
404 error Windows_NT 6.1.7601
405 error argv "C:\\Program Files\\nodejs\\node.exe" "C:\\Program Files\\nodejs\\node_modules\\npm\\bin\\npm-cli.js" "install" "oracledb" "--msvs_version=2008" "--save"
406 error node v6.10.1
407 error npm  v3.10.10
408 error code ELIFECYCLE
409 error oracledb@1.13.0 install: `node-gyp rebuild`
409 error Exit status 1
410 error Failed at the oracledb@1.13.0 install script 'node-gyp rebuild'.
410 error Make sure you have the latest version of node.js and npm installed.
410 error If you do, this is most likely a problem with the oracledb package,
410 error not with npm itself.
410 error Tell the author that this fails on your system:
410 error     node-gyp rebuild
410 error You can get information on how to open an issue for this project with:
410 error     npm bugs oracledb
410 error Or if that isn't available, you can get their info via:
410 error     npm owner ls oracledb
410 error There is likely additional logging output above.
411 verbose exit [ 1, true ]
